TN:
SF:src\middleware\errorHandler.js
FN:39,(anonymous_0)
FN:50,(anonymous_1)
FN:61,(anonymous_2)
FN:62,(anonymous_3)
FN:82,(anonymous_4)
FN:89,(anonymous_5)
FN:139,(anonymous_6)
FNF:7
FNH:0
FNDA:0,(anonymous_0)
FNDA:0,(anonymous_1)
FNDA:0,(anonymous_2)
FNDA:0,(anonymous_3)
FNDA:0,(anonymous_4)
FNDA:0,(anonymous_5)
FNDA:0,(anonymous_6)
DA:1,1
DA:2,1
DA:4,1
DA:40,0
DA:41,0
DA:42,0
DA:43,0
DA:44,0
DA:45,0
DA:46,0
DA:50,1
DA:51,0
DA:52,0
DA:53,0
DA:54,0
DA:56,0
DA:57,0
DA:58,0
DA:59,0
DA:60,0
DA:61,0
DA:62,0
DA:66,0
DA:67,0
DA:68,0
DA:69,0
DA:72,0
DA:73,0
DA:74,0
DA:75,0
DA:78,0
DA:79,0
DA:80,0
DA:81,0
DA:82,0
DA:85,0
DA:86,0
DA:87,0
DA:88,0
DA:89,0
DA:92,0
DA:93,0
DA:94,0
DA:95,0
DA:98,0
DA:99,0
DA:100,0
DA:101,0
DA:104,0
DA:105,0
DA:113,0
DA:123,0
DA:132,0
DA:133,0
DA:136,0
DA:139,1
DA:140,0
DA:143,1
LF:58
LH:6
BRDA:39,0,0,0
BRDA:40,1,0,0
BRDA:40,1,1,0
BRDA:51,2,0,0
BRDA:51,2,1,0
BRDA:52,3,0,0
BRDA:52,3,1,0
BRDA:54,4,0,0
BRDA:54,4,1,0
BRDA:56,5,0,0
BRDA:56,5,1,0
BRDA:66,6,0,0
BRDA:66,6,1,0
BRDA:72,7,0,0
BRDA:72,7,1,0
BRDA:78,8,0,0
BRDA:78,8,1,0
BRDA:85,9,0,0
BRDA:85,9,1,0
BRDA:92,10,0,0
BRDA:92,10,1,0
BRDA:98,11,0,0
BRDA:98,11,1,0
BRDA:98,12,0,0
BRDA:98,12,1,0
BRDA:104,13,0,0
BRDA:104,13,1,0
BRDA:104,14,0,0
BRDA:104,14,1,0
BRDA:132,15,0,0
BRDA:132,15,1,0
BRDA:132,16,0,0
BRDA:132,16,1,0
BRF:33
BRH:0
end_of_record
TN:
SF:src\models\Achievement.js
FN:122,(anonymous_0)
FN:128,(anonymous_1)
FN:164,(anonymous_2)
FN:177,(anonymous_3)
FN:193,(anonymous_4)
FNF:5
FNH:0
FNDA:0,(anonymous_0)
FNDA:0,(anonymous_1)
FNDA:0,(anonymous_2)
FNDA:0,(anonymous_3)
FNDA:0,(anonymous_4)
DA:1,3
DA:2,3
DA:4,3
DA:122,3
DA:123,0
DA:128,3
DA:129,0
DA:130,0
DA:132,0
DA:143,0
DA:153,0
DA:164,3
DA:165,0
DA:177,3
DA:178,0
DA:179,0
DA:181,0
DA:183,0
DA:187,0
DA:189,0
DA:193,3
DA:194,0
DA:195,0
DA:197,0
DA:198,0
DA:201,0
DA:204,3
LF:27
LH:9
BRDA:128,0,0,0
BRDA:129,1,0,0
BRDA:129,2,0,0
BRDA:135,3,0,0
BRDA:135,3,1,0
BRDA:136,4,0,0
BRDA:136,4,1,0
BRDA:178,5,0,0
BRDA:178,5,1,0
BRDA:179,6,0,0
BRDA:179,6,1,0
BRDA:181,7,0,0
BRDA:181,7,1,0
BRDA:181,7,2,0
BRDA:181,7,3,0
BRDA:181,7,4,0
BRDA:194,8,0,0
BRDA:194,8,1,0
BRDA:195,9,0,0
BRDA:195,9,1,0
BRDA:197,10,0,0
BRDA:197,10,1,0
BRDA:198,11,0,0
BRDA:198,11,1,0
BRF:24
BRH:0
end_of_record
TN:
SF:src\models\AchievementShare.js
FN:85,(anonymous_0)
FN:107,(anonymous_1)
FN:145,(anonymous_2)
FN:151,(anonymous_3)
FN:157,(anonymous_4)
FNF:5
FNH:0
FNDA:0,(anonymous_0)
FNDA:0,(anonymous_1)
FNDA:0,(anonymous_2)
FNDA:0,(anonymous_3)
FNDA:0,(anonymous_4)
DA:1,3
DA:2,3
DA:4,3
DA:85,3
DA:91,0
DA:93,0
DA:104,0
DA:107,3
DA:108,0
DA:116,0
DA:117,0
DA:120,0
DA:121,0
DA:124,0
DA:125,0
DA:128,0
DA:129,0
DA:130,0
DA:137,0
DA:138,0
DA:142,0
DA:145,3
DA:146,0
DA:151,3
DA:152,0
DA:157,3
DA:163,0
DA:164,0
DA:166,0
DA:172,0
DA:180,0
DA:191,3
LF:32
LH:9
BRDA:85,0,0,0
BRDA:87,1,0,0
BRDA:89,2,0,0
BRDA:99,3,0,0
BRDA:99,3,1,0
BRDA:107,4,0,0
BRDA:116,5,0,0
BRDA:116,5,1,0
BRDA:120,6,0,0
BRDA:120,6,1,0
BRDA:120,7,0,0
BRDA:120,7,1,0
BRDA:124,8,0,0
BRDA:124,8,1,0
BRDA:124,9,0,0
BRDA:124,9,1,0
BRDA:128,10,0,0
BRDA:128,10,1,0
BRDA:128,11,0,0
BRDA:128,11,1,0
BRDA:137,12,0,0
BRDA:137,12,1,0
BRDA:157,13,0,0
BRDA:161,14,0,0
BRDA:162,15,0,0
BRDA:168,16,0,0
BRDA:168,16,1,0
BRDA:169,17,0,0
BRDA:169,17,1,0
BRF:29
BRH:0
end_of_record
TN:
SF:src\models\FriendRequest.js
FN:39,(anonymous_0)
FN:71,(anonymous_1)
FN:92,(anonymous_2)
FN:117,(anonymous_3)
FN:136,(anonymous_4)
FN:155,(anonymous_5)
FN:186,(anonymous_6)
FNF:7
FNH:0
FNDA:0,(anonymous_0)
FNDA:0,(anonymous_1)
FNDA:0,(anonymous_2)
FNDA:0,(anonymous_3)
FNDA:0,(anonymous_4)
FNDA:0,(anonymous_5)
FNDA:0,(anonymous_6)
DA:1,3
DA:2,3
DA:4,3
DA:39,0
DA:71,3
DA:72,0
DA:81,0
DA:82,0
DA:85,0
DA:92,3
DA:93,0
DA:101,0
DA:102,0
DA:105,0
DA:106,0
DA:109,0
DA:114,0
DA:117,3
DA:118,0
DA:126,0
DA:127,0
DA:130,0
DA:136,3
DA:137,0
DA:145,0
DA:146,0
DA:149,0
DA:155,3
DA:156,0
DA:157,0
DA:159,0
DA:163,0
DA:167,0
DA:175,0
DA:186,3
DA:187,0
DA:200,3
LF:37
LH:10
BRDA:81,0,0,0
BRDA:81,0,1,0
BRDA:101,1,0,0
BRDA:101,1,1,0
BRDA:105,2,0,0
BRDA:105,2,1,0
BRDA:126,3,0,0
BRDA:126,3,1,0
BRDA:145,4,0,0
BRDA:145,4,1,0
BRDA:155,5,0,0
BRDA:156,6,0,0
BRDA:156,7,0,0
BRDA:156,8,0,0
BRDA:159,9,0,0
BRDA:159,9,1,0
BRDA:163,10,0,0
BRDA:163,10,1,0
BRF:18
BRH:0
end_of_record
TN:
SF:src\models\Friendship.js
FN:95,(anonymous_0)
FN:137,(anonymous_1)
FN:154,(anonymous_2)
FN:200,(anonymous_3)
FN:265,(anonymous_4)
FN:284,(anonymous_5)
FN:303,(anonymous_6)
FNF:7
FNH:0
FNDA:0,(anonymous_0)
FNDA:0,(anonymous_1)
FNDA:0,(anonymous_2)
FNDA:0,(anonymous_3)
FNDA:0,(anonymous_4)
FNDA:0,(anonymous_5)
FNDA:0,(anonymous_6)
DA:1,3
DA:2,3
DA:4,3
DA:89,3
DA:95,3
DA:102,0
DA:103,0
DA:105,0
DA:111,0
DA:112,0
DA:113,0
DA:122,0
DA:136,0
DA:137,0
DA:154,3
DA:155,0
DA:157,0
DA:165,0
DA:166,0
DA:173,0
DA:186,0
DA:187,0
DA:194,0
DA:200,3
DA:201,0
DA:202,0
DA:204,0
DA:206,0
DA:236,0
DA:254,0
DA:259,0
DA:264,0
DA:265,0
DA:284,3
DA:285,0
DA:300,0
DA:303,3
DA:304,0
DA:315,3
LF:39
LH:10
BRDA:95,0,0,0
BRDA:97,1,0,0
BRDA:98,2,0,0
BRDA:99,3,0,0
BRDA:108,4,0,0
BRDA:108,4,1,0
BRDA:111,5,0,0
BRDA:111,5,1,0
BRDA:155,6,0,0
BRDA:155,6,1,0
BRDA:165,7,0,0
BRDA:165,7,1,0
BRDA:186,8,0,0
BRDA:186,8,1,0
BRDA:200,9,0,0
BRDA:201,10,0,0
BRDA:201,11,0,0
BRDA:201,12,0,0
BRF:18
BRH:0
end_of_record
TN:
SF:src\models\Player.js
FN:145,(anonymous_0)
FN:153,(anonymous_1)
FN:161,(anonymous_2)
FN:165,(anonymous_3)
FN:172,(anonymous_4)
FN:180,(anonymous_5)
FN:214,(anonymous_6)
FN:224,(anonymous_7)
FNF:8
FNH:0
FNDA:0,(anonymous_0)
FNDA:0,(anonymous_1)
FNDA:0,(anonymous_2)
FNDA:0,(anonymous_3)
FNDA:0,(anonymous_4)
FNDA:0,(anonymous_5)
FNDA:0,(anonymous_6)
FNDA:0,(anonymous_7)
DA:1,3
DA:2,3
DA:3,3
DA:5,3
DA:146,0
DA:147,0
DA:149,0
DA:150,0
DA:154,0
DA:155,0
DA:161,3
DA:162,0
DA:165,3
DA:166,0
DA:167,0
DA:168,0
DA:169,0
DA:172,3
DA:173,0
DA:174,0
DA:175,0
DA:177,0
DA:180,3
DA:181,0
DA:182,0
DA:184,0
DA:186,0
DA:202,0
DA:213,0
DA:214,0
DA:224,3
DA:225,0
DA:228,3
LF:33
LH:10
BRDA:146,0,0,0
BRDA:146,0,1,0
BRDA:149,1,0,0
BRDA:149,1,1,0
BRDA:154,2,0,0
BRDA:154,2,1,0
BRDA:174,3,0,0
BRDA:174,3,1,0
BRDA:180,4,0,0
BRDA:181,5,0,0
BRDA:181,6,0,0
BRDA:181,7,0,0
BRDA:191,8,0,0
BRDA:191,8,1,0
BRF:14
BRH:0
end_of_record
TN:
SF:src\models\PlayerAchievement.js
FN:84,(anonymous_0)
FN:121,(anonymous_1)
FN:139,(anonymous_2)
FN:179,(anonymous_3)
FN:189,(anonymous_4)
FN:248,(anonymous_5)
FN:285,(anonymous_6)
FN:342,(anonymous_7)
FN:343,(anonymous_8)
FN:344,(anonymous_9)
FN:345,(anonymous_10)
FNF:11
FNH:0
FNDA:0,(anonymous_0)
FNDA:0,(anonymous_1)
FNDA:0,(anonymous_2)
FNDA:0,(anonymous_3)
FNDA:0,(anonymous_4)
FNDA:0,(anonymous_5)
FNDA:0,(anonymous_6)
FNDA:0,(anonymous_7)
FNDA:0,(anonymous_8)
FNDA:0,(anonymous_9)
FNDA:0,(anonymous_10)
DA:1,3
DA:2,3
DA:4,3
DA:84,3
DA:91,0
DA:92,0
DA:94,0
DA:99,0
DA:105,0
DA:120,0
DA:121,0
DA:139,3
DA:140,0
DA:156,0
DA:170,0
DA:179,0
DA:189,3
DA:190,0
DA:191,0
DA:193,0
DA:199,0
DA:200,0
DA:208,0
DA:209,0
DA:212,0
DA:214,0
DA:216,0
DA:217,0
DA:219,0
DA:220,0
DA:223,0
DA:224,0
DA:226,0
DA:229,0
DA:230,0
DA:232,0
DA:239,0
DA:241,0
DA:242,0
DA:245,0
DA:248,3
DA:249,0
DA:275,0
DA:280,0
DA:285,0
DA:286,0
DA:287,0
DA:288,0
DA:290,0
DA:291,0
DA:292,0
DA:294,0
DA:295,0
DA:297,0
DA:324,0
DA:342,0
DA:343,0
DA:344,0
DA:345,0
DA:351,3
LF:60
LH:8
BRDA:84,0,0,0
BRDA:89,1,0,0
BRDA:90,2,0,0
BRDA:96,3,0,0
BRDA:96,3,1,0
BRDA:101,4,0,0
BRDA:101,4,1,0
BRDA:102,5,0,0
BRDA:102,5,1,0
BRDA:172,6,0,0
BRDA:172,6,1,0
BRDA:173,7,0,0
BRDA:173,7,1,0
BRDA:174,8,0,0
BRDA:174,8,1,0
BRDA:175,9,0,0
BRDA:175,9,1,0
BRDA:184,10,0,0
BRDA:184,10,1,0
BRDA:190,11,0,0
BRDA:190,11,1,0
BRDA:191,12,0,0
BRDA:191,12,1,0
BRDA:199,13,0,0
BRDA:199,13,1,0
BRDA:208,14,0,0
BRDA:208,14,1,0
BRDA:214,15,0,0
BRDA:214,15,1,0
BRDA:214,15,2,0
BRDA:214,15,3,0
BRDA:214,15,4,0
BRDA:216,16,0,0
BRDA:216,16,1,0
BRDA:236,17,0,0
BRDA:236,17,1,0
BRDA:236,18,0,0
BRDA:236,18,1,0
BRDA:241,19,0,0
BRDA:241,19,1,0
BRDA:241,20,0,0
BRDA:241,20,1,0
BRDA:286,21,0,0
BRDA:286,21,1,0
BRDA:290,22,0,0
BRDA:290,22,1,0
BRDA:308,23,0,0
BRDA:308,23,1,0
BRDA:309,24,0,0
BRDA:309,24,1,0
BRDA:314,25,0,0
BRDA:314,25,1,0
BRDA:315,26,0,0
BRDA:315,26,1,0
BRDA:317,27,0,0
BRDA:317,27,1,0
BRDA:317,28,0,0
BRDA:317,28,1,0
BRDA:318,29,0,0
BRDA:318,29,1,0
BRDA:319,30,0,0
BRDA:319,30,1,0
BRDA:329,31,0,0
BRDA:329,31,1,0
BRDA:335,32,0,0
BRDA:335,32,1,0
BRF:66
BRH:0
end_of_record
TN:
SF:src\models\index.js
FNF:0
FNH:0
DA:1,3
DA:2,3
DA:3,3
DA:4,3
DA:5,3
DA:6,3
DA:8,3
DA:14,3
DA:20,3
DA:25,3
DA:30,3
DA:36,3
DA:42,3
DA:47,3
DA:52,3
DA:57,3
DA:62,3
DA:68,3
DA:73,3
DA:79,3
DA:84,3
DA:90,3
DA:95,3
DA:101,3
DA:106,3
LF:25
LH:25
BRF:0
BRH:0
end_of_record
